Determining if the pthread_create exist failed with the following output:
Change Dir: /home/mylinux/项目/4.12.1/CMakeFiles/CMakeTmp

Run Build Command:"/usr/bin/make" "cmTC_85ab9/fast"
/usr/bin/make -f CMakeFiles/cmTC_85ab9.dir/build.make CMakeFiles/cmTC_85ab9.dir/build
make[1]: 进入目录“/home/mylinux/项目/4.12.1/CMakeFiles/CMakeTmp”
Building C object CMakeFiles/cmTC_85ab9.dir/CheckSymbolExists.c.o
/usr/bin/cc    -o CMakeFiles/cmTC_85ab9.dir/CheckSymbolExists.c.o   -c /home/mylinux/项目/4.12.1/CMakeFiles/CMakeTmp/CheckSymbolExists.c
Linking C executable cmTC_85ab9
/usr/bin/cmake -E cmake_link_script CMakeFiles/cmTC_85ab9.dir/link.txt --verbose=1
/usr/bin/cc      -rdynamic CMakeFiles/cmTC_85ab9.dir/CheckSymbolExists.c.o  -o cmTC_85ab9 
CMakeFiles/cmTC_85ab9.dir/CheckSymbolExists.c.o：在函数‘main’中：
CheckSymbolExists.c:(.text+0x1b)：对‘pthread_create’未定义的引用
collect2: error: ld returned 1 exit status
make[1]: *** [CMakeFiles/cmTC_85ab9.dir/build.make:87：cmTC_85ab9] 错误 1
make[1]: 离开目录“/home/mylinux/项目/4.12.1/CMakeFiles/CMakeTmp”
make: *** [Makefile:126：cmTC_85ab9/fast] 错误 2

File /home/mylinux/项目/4.12.1/CMakeFiles/CMakeTmp/CheckSymbolExists.c:
/* */
#include <pthread.h>

int main(int argc, char** argv)
{
  (void)argv;
#ifndef pthread_create
  return ((int*)(&pthread_create))[argc];
#else
  (void)argc;
  return 0;
#endif
}

Determining if the function pthread_create exists in the pthreads failed with the following output:
Change Dir: /home/mylinux/项目/4.12.1/CMakeFiles/CMakeTmp

Run Build Command:"/usr/bin/make" "cmTC_24b87/fast"
/usr/bin/make -f CMakeFiles/cmTC_24b87.dir/build.make CMakeFiles/cmTC_24b87.dir/build
make[1]: 进入目录“/home/mylinux/项目/4.12.1/CMakeFiles/CMakeTmp”
Building C object CMakeFiles/cmTC_24b87.dir/CheckFunctionExists.c.o
/usr/bin/cc   -DCHECK_FUNCTION_EXISTS=pthread_create   -o CMakeFiles/cmTC_24b87.dir/CheckFunctionExists.c.o   -c /usr/share/cmake-3.11/Modules/CheckFunctionExists.c
Linking C executable cmTC_24b87
/usr/bin/cmake -E cmake_link_script CMakeFiles/cmTC_24b87.dir/link.txt --verbose=1
/usr/bin/cc  -DCHECK_FUNCTION_EXISTS=pthread_create    -rdynamic CMakeFiles/cmTC_24b87.dir/CheckFunctionExists.c.o  -o cmTC_24b87 -lpthreads 
/usr/bin/ld: 找不到 -lpthreads
collect2: error: ld returned 1 exit status
make[1]: *** [CMakeFiles/cmTC_24b87.dir/build.make:87：cmTC_24b87] 错误 1
make[1]: 离开目录“/home/mylinux/项目/4.12.1/CMakeFiles/CMakeTmp”
make: *** [Makefile:126：cmTC_24b87/fast] 错误 2


